{
  "0 debug pnpm:scope": {
    "selected": 1
  },
  "1 debug pnpm:package-manifest": {
    "initial": {
      "dependencies": {
        "@babel/cli": "^7.16.0",
        "@babel/core": "^7.16.5",
        "@babel/eslint-parser": "^7.16.5",
        "@babel/helpers": "^7.16.5",
        "create-next-app": "^12.0.7",
        "create-turbo": "^1.0.9",
        "eslint-plugin-flowtype": "^8.0.3",
        "pnpm": "^6.23.6",
        "serve": "^13.0.2",
        "standard": "^16.0.4"
      },
      "dependenciesMeta": {
        "pnpm": {
          "node": "/usr/local/bin/node"
        }
      }
    },
    "prefix": "/Users/craigoconnor/pnpm-global/5"
  },
  "2 debug pnpm:context": {
    "currentLockfileExists": true,
    "storeDir": "/Users/craigoconnor/.pnpm-store/v3",
    "virtualStoreDir": "/Users/craigoconnor/pnpm-global/5/node_modules/.pnpm"
  },
  "3 debug pnpm:stage": {
    "prefix": "/Users/craigoconnor/pnpm-global/5",
    "stage": "resolution_started"
  },
  "4 debug pnpm:_dependency_resolved": {
    "resolution": "registry.npmjs.org/@babel/core/7.16.5",
    "wanted": {
      "dependentId": ".",
      "name": "@babel/core",
      "rawSpec": "^7.16.5"
    }
  },
  "5 debug pnpm:_dependency_resolved": {
    "resolution": "registry.npmjs.org/@babel/cli/7.16.0",
    "wanted": {
      "dependentId": ".",
      "name": "@babel/cli",
      "rawSpec": "^7.16.0"
    }
  },
  "6 debug pnpm:_dependency_resolved": {
    "resolution": "registry.npmjs.org/@babel/eslint-parser/7.16.5",
    "wanted": {
      "dependentId": ".",
      "name": "@babel/eslint-parser",
      "rawSpec": "^7.16.5"
    }
  },
  "7 debug pnpm:_dependency_resolved": {
    "resolution": "registry.npmjs.org/@babel/helpers/7.16.5",
    "wanted": {
      "dependentId": ".",
      "name": "@babel/helpers",
      "rawSpec": "^7.16.5"
    }
  },
  "8 debug pnpm:_dependency_resolved": {
    "resolution": "registry.npmjs.org/create-next-app/12.0.7",
    "wanted": {
      "dependentId": ".",
      "name": "create-next-app",
      "rawSpec": "^12.0.7"
    }
  },
  "9 debug pnpm:_dependency_resolved": {
    "resolution": "registry.npmjs.org/eslint-plugin-flowtype/8.0.3",
    "wanted": {
      "dependentId": ".",
      "name": "eslint-plugin-flowtype",
      "rawSpec": "^8.0.3"
    }
  },
  "10 debug pnpm:_dependency_resolved": {
    "resolution": "registry.npmjs.org/pnpm/6.23.6",
    "wanted": {
      "dependentId": ".",
      "name": "pnpm",
      "rawSpec": "^6.23.6"
    }
  },
  "11 debug pnpm:_dependency_resolved": {
    "resolution": "registry.npmjs.org/create-turbo/1.0.9",
    "wanted": {
      "dependentId": ".",
      "name": "create-turbo",
      "rawSpec": "^1.0.9"
    }
  },
  "12 debug pnpm:_dependency_resolved": {
    "resolution": "registry.npmjs.org/serve/13.0.2",
    "wanted": {
      "dependentId": ".",
      "name": "serve",
      "rawSpec": "^13.0.2"
    }
  },
  "13 debug pnpm:_dependency_resolved": {
    "resolution": "registry.npmjs.org/standard/16.0.4",
    "wanted": {
      "dependentId": ".",
      "name": "standard",
      "rawSpec": "^16.0.4"
    }
  },
  "14 debug pnpm:progress": {
    "packageId": "registry.npmjs.org/@babel/core/7.16.5",
    "requester": "/Users/craigoconnor/pnpm-global/5",
    "status": "resolved"
  },
  "15 debug pnpm:progress": {
    "packageId": "registry.npmjs.org/@babel/core/7.16.5",
    "requester": "/Users/craigoconnor/pnpm-global/5",
    "status": "found_in_store"
  },
  "16 debug pnpm:progress": {
    "packageId": "registry.npmjs.org/@babel/eslint-parser/7.16.5",
    "requester": "/Users/craigoconnor/pnpm-global/5",
    "status": "resolved"
  },
  "17 debug pnpm:progress": {
    "packageId": "registry.npmjs.org/@babel/eslint-parser/7.16.5",
    "requester": "/Users/craigoconnor/pnpm-global/5",
    "status": "found_in_store"
  },
  "18 debug pnpm:progress": {
    "packageId": "registry.npmjs.org/@babel/helpers/7.16.5",
    "requester": "/Users/craigoconnor/pnpm-global/5",
    "status": "resolved"
  },
  "19 debug pnpm:progress": {
    "packageId": "registry.npmjs.org/@babel/helpers/7.16.5",
    "requester": "/Users/craigoconnor/pnpm-global/5",
    "status": "found_in_store"
  },
  "20 debug pnpm:progress": {
    "packageId": "registry.npmjs.org/create-next-app/12.0.7",
    "requester": "/Users/craigoconnor/pnpm-global/5",
    "status": "resolved"
  },
  "21 debug pnpm:progress": {
    "packageId": "registry.npmjs.org/create-next-app/12.0.7",
    "requester": "/Users/craigoconnor/pnpm-global/5",
    "status": "found_in_store"
  },
  "22 debug pnpm:progress": {
    "packageId": "registry.npmjs.org/@babel/cli/7.16.0",
    "requester": "/Users/craigoconnor/pnpm-global/5",
    "status": "resolved"
  },
  "23 debug pnpm:progress": {
    "packageId": "registry.npmjs.org/@babel/cli/7.16.0",
    "requester": "/Users/craigoconnor/pnpm-global/5",
    "status": "found_in_store"
  },
  "24 debug pnpm:progress": {
    "packageId": "registry.npmjs.org/eslint-plugin-flowtype/8.0.3",
    "requester": "/Users/craigoconnor/pnpm-global/5",
    "status": "resolved"
  },
  "25 debug pnpm:progress": {
    "packageId": "registry.npmjs.org/eslint-plugin-flowtype/8.0.3",
    "requester": "/Users/craigoconnor/pnpm-global/5",
    "status": "found_in_store"
  },
  "26 debug pnpm:progress": {
    "packageId": "registry.npmjs.org/pnpm/6.23.6",
    "requester": "/Users/craigoconnor/pnpm-global/5",
    "status": "resolved"
  },
  "27 debug pnpm:progress": {
    "packageId": "registry.npmjs.org/pnpm/6.23.6",
    "requester": "/Users/craigoconnor/pnpm-global/5",
    "status": "found_in_store"
  },
  "28 debug pnpm:progress": {
    "packageId": "registry.npmjs.org/serve/13.0.2",
    "requester": "/Users/craigoconnor/pnpm-global/5",
    "status": "resolved"
  },
  "29 debug pnpm:progress": {
    "packageId": "registry.npmjs.org/serve/13.0.2",
    "requester": "/Users/craigoconnor/pnpm-global/5",
    "status": "found_in_store"
  },
  "30 debug pnpm:progress": {
    "packageId": "registry.npmjs.org/create-turbo/1.0.9",
    "requester": "/Users/craigoconnor/pnpm-global/5",
    "status": "resolved"
  },
  "31 debug pnpm:progress": {
    "packageId": "registry.npmjs.org/create-turbo/1.0.9",
    "requester": "/Users/craigoconnor/pnpm-global/5",
    "status": "found_in_store"
  },
  "32 debug pnpm:progress": {
    "packageId": "registry.npmjs.org/standard/16.0.4",
    "requester": "/Users/craigoconnor/pnpm-global/5",
    "status": "resolved"
  },
  "33 debug pnpm:progress": {
    "packageId": "registry.npmjs.org/standard/16.0.4",
    "requester": "/Users/craigoconnor/pnpm-global/5",
    "status": "found_in_store"
  },
  "34 debug pnpm:update-check": {
    "currentVersion": "6.23.6",
    "latestVersion": "6.24.0"
  },
  "35 error pnpm": {
    "code": "ERR_PNPM_FETCH_404",
    "hint": "code-insiders is not in the npm registry, or you have no permission to fetch it.\n\nAn authorization header was used: Bearer 7ab8[hidden]",
    "request": {
      "authHeaderValue": "Bearer 7ab81b10-2f62-4deb-a564-6ff622b50fda",
      "url": "https://registry.npmjs.org/code-insiders"
    },
    "response": {
      "size": 0
    },
    "pkgName": "code-insiders",
    "pkgsStack": [],
    "err": {
      "name": "pnpm",
      "message": "GET https://registry.npmjs.org/code-insiders: Not Found - 404",
      "code": "ERR_PNPM_FETCH_404",
      "stack": "pnpm: GET https://registry.npmjs.org/code-insiders: Not Found - 404\n    at RetryOperation._fn (/Users/craigoconnor/pnpm-global/5/node_modules/.pnpm/pnpm@6.23.6/node_modules/pnpm/dist/pnpm.cjs:85054:19)\n    at processTicksAndRejections (node:internal/process/task_queues:96:5)"
    }
  }
}